<?xml version="1.0" encoding="UTF-8"?>
<testng-results ignored="0" total="1" passed="1" failed="0" skipped="0">
  <reporter-output>
  </reporter-output>
  <suite started-at="2025-06-23T00:12:49 IST" name="AutoTestHub Suite" finished-at="2025-06-23T00:12:53 IST" duration-ms="4640">
    <groups>
    </groups>
    <test started-at="2025-06-23T00:12:49 IST" name="Regression Tests" finished-at="2025-06-23T00:12:53 IST" duration-ms="4640">
      <class name="base.DummyTest">
        <test-method is-config="true" signature="setup()[pri:0, instance:base.DummyTest@163e4e87]" started-at="2025-06-23T00:12:49 IST" name="setup" finished-at="2025-06-23T00:12:53 IST" duration-ms="4158" status="PASS">
          <reporter-output>
          </reporter-output>
        </test-method> <!-- setup -->
        <test-method signature="testTitle()[pri:0, instance:base.DummyTest@163e4e87]" started-at="2025-06-23T00:12:53 IST" name="testTitle" finished-at="2025-06-23T00:12:53 IST" duration-ms="292" status="PASS">
          <reporter-output>
          </reporter-output>
        </test-method> <!-- testTitle -->
        <test-method is-config="true" signature="teardown()[pri:0, instance:base.DummyTest@163e4e87]" started-at="2025-06-23T00:12:53 IST" name="teardown" finished-at="2025-06-23T00:12:53 IST" duration-ms="159" status="PASS">
          <reporter-output>
          </reporter-output>
        </test-method> <!-- teardown -->
      </class> <!-- base.DummyTest -->
    </test> <!-- Regression Tests -->
  </suite> <!-- AutoTestHub Suite -->
</testng-results>
